2025-12-17 01:06:56 - ETL-Main - INFO - ================================================================================
2025-12-17 01:06:56 - ETL-Main - INFO - ETL Pipeline Started at 2025-12-17 01:06:56
2025-12-17 01:06:56 - ETL-Main - INFO - ================================================================================
2025-12-17 01:06:56 - ETL-Main - INFO - 
[STEP 1/3] EXTRACTING DATA
2025-12-17 01:06:56 - ETL-Main - INFO - --------------------------------------------------------------------------------
2025-12-17 01:06:56 - Extract - INFO - Extracting data from csv
2025-12-17 01:06:56 - Extract - INFO - Extracted 5 rows from CSV: sample_data/departments.csv
2025-12-17 01:06:56 - ETL-Main - INFO - Extraction completed: 1 datasets
2025-12-17 01:06:56 - ETL-Main - INFO - 
[STEP 2/3] TRANSFORMING DATA
2025-12-17 01:06:56 - ETL-Main - INFO - --------------------------------------------------------------------------------
2025-12-17 01:06:56 - ETL-Main - INFO - 
Transforming:  data to department
2025-12-17 01:06:56 - Transform - INFO - Transforming department data
2025-12-17 01:06:56 - Transform - INFO - Transformed 5 valid department records
2025-12-17 01:06:56 - ETL-Main - INFO - 
Transformation completed: 1 tables
2025-12-17 01:06:56 - ETL-Main - INFO - 
[STEP 3/3] LOADING DATA
2025-12-17 01:06:56 - ETL-Main - INFO - --------------------------------------------------------------------------------
2025-12-17 01:06:57 - Load - INFO - Connected to database successfully
2025-12-17 01:06:57 - ETL-Main - INFO - 
Loading department:  5 records
2025-12-17 01:06:57 - Load - INFO - Loading 5 departments
2025-12-17 01:06:57 - Load - INFO - Inserted:  5, Failed: 0
2025-12-17 01:06:57 - ETL-Main - INFO - 
Loading completed
2025-12-17 01:06:57 - ETL-Main - INFO - 
Validation report saved:  reports/validation_report_20251217_010657.json
2025-12-17 01:06:57 - ETL-Main - INFO - Total Records: 5
2025-12-17 01:06:57 - ETL-Main - INFO - Valid Records: 5
2025-12-17 01:06:57 - ETL-Main - INFO - Invalid Records: 0
2025-12-17 01:06:57 - ETL-Main - INFO - Duplicates Removed: 0
2025-12-17 01:06:57 - ETL-Main - INFO - 
Load report saved: reports/load_report_20251217_010657. json
2025-12-17 01:06:57 - ETL-Main - INFO - Inserted: 5
2025-12-17 01:06:57 - ETL-Main - INFO - Failed: 0
2025-12-17 01:06:57 - ETL-Main - INFO - 
================================================================================
2025-12-17 01:06:57 - ETL-Main - INFO - ETL Pipeline Completed Successfully!
2025-12-17 01:06:57 - ETL-Main - INFO - Duration: 1.65 seconds
2025-12-17 01:06:57 - ETL-Main - INFO - ================================================================================
2025-12-17 01:06:57 - Load - INFO - Disconnected from database
