2025-12-17 01:07:13 - ETL-Main - INFO - ================================================================================
2025-12-17 01:07:13 - ETL-Main - INFO - ETL Pipeline Started at 2025-12-17 01:07:13
2025-12-17 01:07:13 - ETL-Main - INFO - ================================================================================
2025-12-17 01:07:13 - ETL-Main - INFO - 
[STEP 1/3] EXTRACTING DATA
2025-12-17 01:07:13 - ETL-Main - INFO - --------------------------------------------------------------------------------
2025-12-17 01:07:13 - Extract - INFO - Extracting data from csv
2025-12-17 01:07:13 - Extract - INFO - Extracted 3 rows from CSV: sample_data/students.csv
2025-12-17 01:07:13 - ETL-Main - INFO - Extraction completed: 1 datasets
2025-12-17 01:07:13 - ETL-Main - INFO - 
[STEP 2/3] TRANSFORMING DATA
2025-12-17 01:07:13 - ETL-Main - INFO - --------------------------------------------------------------------------------
2025-12-17 01:07:13 - ETL-Main - INFO - 
Transforming:  data to student
2025-12-17 01:07:13 - Transform - INFO - Transforming student data
2025-12-17 01:07:13 - Transform - INFO - Removed 0 duplicate students
2025-12-17 01:07:13 - Transform - INFO - Transformed 3 valid student records
2025-12-17 01:07:13 - ETL-Main - INFO - 
Transformation completed: 1 tables
2025-12-17 01:07:13 - ETL-Main - INFO - 
[STEP 3/3] LOADING DATA
2025-12-17 01:07:13 - ETL-Main - INFO - --------------------------------------------------------------------------------
2025-12-17 01:07:14 - Load - INFO - Connected to database successfully
2025-12-17 01:07:14 - ETL-Main - INFO - 
Loading student:  3 records
2025-12-17 01:07:14 - Load - INFO - Loading 3 students
2025-12-17 01:07:14 - Load - INFO - Inserted:  3, Failed: 0
2025-12-17 01:07:14 - ETL-Main - INFO - 
Loading completed
2025-12-17 01:07:14 - ETL-Main - INFO - 
Validation report saved:  reports/validation_report_20251217_010714.json
2025-12-17 01:07:14 - ETL-Main - INFO - Total Records: 3
2025-12-17 01:07:14 - ETL-Main - INFO - Valid Records: 3
2025-12-17 01:07:14 - ETL-Main - INFO - Invalid Records: 0
2025-12-17 01:07:14 - ETL-Main - INFO - Duplicates Removed: 0
2025-12-17 01:07:14 - ETL-Main - INFO - 
Load report saved: reports/load_report_20251217_010714. json
2025-12-17 01:07:14 - ETL-Main - INFO - Inserted: 3
2025-12-17 01:07:14 - ETL-Main - INFO - Failed: 0
2025-12-17 01:07:14 - ETL-Main - INFO - 
================================================================================
2025-12-17 01:07:14 - ETL-Main - INFO - ETL Pipeline Completed Successfully!
2025-12-17 01:07:14 - ETL-Main - INFO - Duration: 0.80 seconds
2025-12-17 01:07:14 - ETL-Main - INFO - ================================================================================
2025-12-17 01:07:14 - Load - INFO - Disconnected from database
