2025-12-17 03:41:05 - ETL-Main - INFO - ================================================================================
2025-12-17 03:41:05 - ETL-Main - INFO - ETL Pipeline Started at 2025-12-17 03:41:05
2025-12-17 03:41:05 - ETL-Main - INFO - ================================================================================
2025-12-17 03:41:05 - ETL-Main - INFO - 
[STEP 1/3] EXTRACTING DATA
2025-12-17 03:41:05 - ETL-Main - INFO - --------------------------------------------------------------------------------
2025-12-17 03:41:05 - Extract - INFO - Extracting data from csv
2025-12-17 03:41:05 - Extract - INFO - Extracted 3 rows from CSV: sample_data/students.csv
2025-12-17 03:41:05 - ETL-Main - INFO - Extraction completed: 1 datasets
2025-12-17 03:41:05 - ETL-Main - INFO - 
[STEP 2/3] TRANSFORMING DATA
2025-12-17 03:41:05 - ETL-Main - INFO - --------------------------------------------------------------------------------
2025-12-17 03:41:05 - ETL-Main - INFO - 
Transforming:  data to studentpwd
2025-12-17 03:41:05 - ETL-Main - WARNING - No transformer defined for:  studentpwd
2025-12-17 03:41:05 - ETL-Main - INFO - 
Transformation completed: 0 tables
2025-12-17 03:41:05 - ETL-Main - INFO - 
[STEP 3/3] LOADING DATA
2025-12-17 03:41:05 - ETL-Main - INFO - --------------------------------------------------------------------------------
